[15:4:16.764] Global cache location '/Users/keke/Library/Caches/typescript/3.9', safe file path '/usr/local/share/.config/yarn/global/node_modules/typescript/lib/typingsafelist.json', types map path /usr/local/share/.config/yarn/global/node_modules/typescript/lib/typesmap.json
[15:4:16.767] Processing cache location '/Users/keke/Library/Caches/typescript/3.9'
[15:4:16.767] Trying to find '/Users/keke/Library/Caches/typescript/3.9/package.json'...
[15:4:16.768] Finished processing cache location '/Users/keke/Library/Caches/typescript/3.9'
[15:4:16.768] Process id: 2354
[15:4:16.769] NPM location: /usr/local/Cellar/node/14.5.0/bin/npm (explicit '--npmLocation' not  provided)
[15:4:16.769] validateDefaultNpmLocation: false
[15:4:16.769] Npm config file: /Users/keke/Library/Caches/typescript/3.9/package.json
[15:4:16.770] Updating types-registry npm package...
[15:4:16.770] Exec: /usr/local/Cellar/node/14.5.0/bin/npm install --ignore-scripts types-registry@latest
[15:4:16.784]     Failed. stdout:
    
    stderr:
    /bin/sh: /usr/local/Cellar/node/14.5.0/bin/npm: No such file or directory
    
[15:4:16.784] Updated types-registry npm package
[15:4:16.794] Types registry file '/Users/keke/Library/Caches/typescript/3.9/node_modules/types-registry/index.json' does not exist
[15:4:17.366] Got install request {"projectName":"/dev/null/inferredProject1*","fileNames":["/usr/local/share/.config/yarn/global/node_modules/typescript/lib/lib.d.ts","/usr/local/share/.config/yarn/global/node_modules/typescript/lib/lib.es5.d.ts","/usr/local/share/.config/yarn/global/node_modules/typescript/lib/lib.dom.d.ts","/usr/local/share/.config/yarn/global/node_modules/typescript/lib/lib.webworker.importscripts.d.ts","/usr/local/share/.config/yarn/global/node_modules/typescript/lib/lib.scripthost.d.ts","/Users/keke/keke-cute.github.io/test/javascript/object.js"],"compilerOptions":{"target":1,"jsx":1,"allowNonTsExtensions":true,"allowJs":true,"noEmitForJsFiles":true,"maxNodeModuleJsDepth":2},"typeAcquisition":{"enable":true,"include":[],"exclude":[]},"unresolvedImports":[],"projectRootPath":"/Users/keke/keke-cute.github.io/test/javascript","kind":"discover"}
[15:4:17.386] Loaded safelist from types map file '/usr/local/share/.config/yarn/global/node_modules/typescript/lib/typesmap.json'
[15:4:17.387] Explicitly included types: []
[15:4:17.388] Inferred typings from unresolved imports: []
[15:4:17.388] Result: {"cachedTypingPaths":[],"newTypingNames":[],"filesToWatch":["/Users/keke/keke-cute.github.io/test/javascript/bower_components","/Users/keke/keke-cute.github.io/test/javascript/node_modules"]}
[15:4:17.388] Finished typings discovery: {"cachedTypingPaths":[],"newTypingNames":[],"filesToWatch":["/Users/keke/keke-cute.github.io/test/javascript/bower_components","/Users/keke/keke-cute.github.io/test/javascript/node_modules"]}
[15:4:17.389] DirectoryWatcher:: Added:: WatchInfo: /Users/keke/keke-cute.github.io/test/javascript/bower_components
[15:4:17.390] DirectoryWatcher:: Added:: WatchInfo: /Users/keke/keke-cute.github.io/test/javascript/node_modules
[15:4:17.391] Sending response:
    {"projectName":"/dev/null/inferredProject1*","typeAcquisition":{"enable":true,"include":[],"exclude":[]},"compilerOptions":{"target":1,"jsx":1,"allowNonTsExtensions":true,"allowJs":true,"noEmitForJsFiles":true,"maxNodeModuleJsDepth":2},"typings":[],"unresolvedImports":[],"kind":"action::set"}
[15:4:17.391] Response has been sent.
[15:4:17.391] No new typings were requested as a result of typings discovery
