[16:40:17.261] Global cache location '/Users/keke/Library/Caches/typescript/3.9', safe file path '/usr/local/share/.config/yarn/global/node_modules/typescript/lib/typingsafelist.json', types map path /usr/local/share/.config/yarn/global/node_modules/typescript/lib/typesmap.json
[16:40:17.268] Processing cache location '/Users/keke/Library/Caches/typescript/3.9'
[16:40:17.268] Trying to find '/Users/keke/Library/Caches/typescript/3.9/package.json'...
[16:40:17.283] Finished processing cache location '/Users/keke/Library/Caches/typescript/3.9'
[16:40:17.283] Process id: 5892
[16:40:17.284] NPM location: /usr/local/Cellar/node/14.5.0/bin/npm (explicit '--npmLocation' not  provided)
[16:40:17.284] validateDefaultNpmLocation: false
[16:40:17.284] Npm config file: /Users/keke/Library/Caches/typescript/3.9/package.json
[16:40:17.284] Updating types-registry npm package...
[16:40:17.284] Exec: /usr/local/Cellar/node/14.5.0/bin/npm install --ignore-scripts types-registry@latest
[16:40:17.331]     Failed. stdout:
    
    stderr:
    /bin/sh: /usr/local/Cellar/node/14.5.0/bin/npm: No such file or directory
    
[16:40:17.332] Updated types-registry npm package
[16:40:17.332] Types registry file '/Users/keke/Library/Caches/typescript/3.9/node_modules/types-registry/index.json' does not exist
[16:40:17.868] Got install request {"projectName":"/dev/null/inferredProject1*","fileNames":["/usr/local/share/.config/yarn/global/node_modules/typescript/lib/lib.d.ts","/usr/local/share/.config/yarn/global/node_modules/typescript/lib/lib.es5.d.ts","/usr/local/share/.config/yarn/global/node_modules/typescript/lib/lib.dom.d.ts","/usr/local/share/.config/yarn/global/node_modules/typescript/lib/lib.webworker.importscripts.d.ts","/usr/local/share/.config/yarn/global/node_modules/typescript/lib/lib.scripthost.d.ts","/Users/keke/keke-cute.github.io/test/javascript/arrowfunc.js"],"compilerOptions":{"target":1,"jsx":1,"allowNonTsExtensions":true,"allowJs":true,"noEmitForJsFiles":true,"maxNodeModuleJsDepth":2},"typeAcquisition":{"enable":true,"include":[],"exclude":[]},"unresolvedImports":[],"projectRootPath":"/Users/keke/keke-cute.github.io/test/javascript","kind":"discover"}
[16:40:17.895] Loaded safelist from types map file '/usr/local/share/.config/yarn/global/node_modules/typescript/lib/typesmap.json'
[16:40:17.896] Explicitly included types: []
[16:40:17.898] Inferred typings from unresolved imports: []
[16:40:17.899] Result: {"cachedTypingPaths":[],"newTypingNames":[],"filesToWatch":["/Users/keke/keke-cute.github.io/test/javascript/bower_components","/Users/keke/keke-cute.github.io/test/javascript/node_modules"]}
[16:40:17.899] Finished typings discovery: {"cachedTypingPaths":[],"newTypingNames":[],"filesToWatch":["/Users/keke/keke-cute.github.io/test/javascript/bower_components","/Users/keke/keke-cute.github.io/test/javascript/node_modules"]}
[16:40:17.899] DirectoryWatcher:: Added:: WatchInfo: /Users/keke/keke-cute.github.io/test/javascript/bower_components
[16:40:17.901] DirectoryWatcher:: Added:: WatchInfo: /Users/keke/keke-cute.github.io/test/javascript/node_modules
[16:40:17.901] Sending response:
    {"projectName":"/dev/null/inferredProject1*","typeAcquisition":{"enable":true,"include":[],"exclude":[]},"compilerOptions":{"target":1,"jsx":1,"allowNonTsExtensions":true,"allowJs":true,"noEmitForJsFiles":true,"maxNodeModuleJsDepth":2},"typings":[],"unresolvedImports":[],"kind":"action::set"}
[16:40:17.902] Response has been sent.
[16:40:17.902] No new typings were requested as a result of typings discovery
